  Source.cpp
C:\Users\Y9GBW4826\source\repos\Project49\Project49\Source.cpp(266,1): warning C4267: 'initializing': conversion from 'size_t' to 'int', possible loss of data
C:\Users\Y9GBW4826\source\repos\Project49\Project49\Source.cpp(269,1): warning C4267: 'initializing': conversion from 'size_t' to 'int', possible loss of data
C:\Users\Y9GBW4826\source\repos\Project49\Project49\Source.cpp(654,1): warning C4267: 'initializing': conversion from 'size_t' to 'int', possible loss of data
C:\Users\Y9GBW4826\source\repos\Project49\Project49\Source.cpp(657,1): warning C4267: 'initializing': conversion from 'size_t' to 'int', possible loss of data
C:\Users\Y9GBW4826\source\repos\Project49\Project49\Source.cpp(801,29): warning C4244: '=': conversion from 'double' to 'float', possible loss of data
C:\Users\Y9GBW4826\source\repos\Project49\Project49\Source.cpp(985,13): warning C4244: 'initializing': conversion from 'int' to 'float', possible loss of data
C:\Users\Y9GBW4826\source\repos\Project49\Project49\Source.cpp(990,27): warning C4244: '=': conversion from 'int' to 'float', possible loss of data
C:\Users\Y9GBW4826\source\repos\Project49\Project49\Source.cpp(1032,1): warning C4326: return type of 'main' should be 'int' instead of 'void'
C:\Users\Y9GBW4826\source\repos\Project49\Project49\Source.cpp(1035,41): warning C4305: 'argument': truncation from 'double' to 'float'
C:\Users\Y9GBW4826\source\repos\Project49\Project49\Source.cpp(1036,45): warning C4305: 'argument': truncation from 'double' to 'float'
C:\Users\Y9GBW4826\source\repos\Project49\Project49\Source.cpp(1037,46): warning C4305: 'argument': truncation from 'double' to 'float'
C:\Users\Y9GBW4826\source\repos\Project49\Project49\Source.cpp(1070,20): warning C4305: 'argument': truncation from 'double' to 'float'
C:\Users\Y9GBW4826\source\repos\Project49\Project49\Source.cpp(1130,47): warning C4305: 'initializing': truncation from 'double' to 'float'
C:\Users\Y9GBW4826\source\repos\Project49\Project49\Source.cpp(1136,67): warning C4305: 'initializing': truncation from 'double' to 'float'
C:\Users\Y9GBW4826\source\repos\Project49\Project49\Source.cpp(1142,51): warning C4305: 'initializing': truncation from 'double' to 'float'
C:\Users\Y9GBW4826\source\repos\Project49\Project49\Source.cpp(1261,34): warning C4305: 'argument': truncation from 'double' to 'float'
C:\Users\Y9GBW4826\source\repos\Project49\Project49\Source.cpp(1312,55): warning C4305: 'argument': truncation from 'double' to 'float'
C:\Users\Y9GBW4826\source\repos\Project49\Project49\Source.cpp(1313,59): warning C4305: 'argument': truncation from 'double' to 'float'
C:\Users\Y9GBW4826\source\repos\Project49\Project49\Source.cpp(1314,60): warning C4305: 'argument': truncation from 'double' to 'float'
C:\Users\Y9GBW4826\source\repos\Project49\Project49\Source.cpp(1351,30): warning C4305: 'argument': truncation from 'double' to 'float'
C:\Users\Y9GBW4826\source\repos\Project49\Project49\Source.cpp(1356,20): warning C4305: 'argument': truncation from 'double' to 'float'
C:\Users\Y9GBW4826\source\repos\Project49\Project49\Source.cpp(1420,29): warning C4305: 'argument': truncation from 'double' to 'float'
C:\Users\Y9GBW4826\source\repos\Project49\Project49\Source.cpp(1421,29): warning C4305: 'argument': truncation from 'double' to 'float'
C:\Users\Y9GBW4826\source\repos\Project49\Project49\Source.cpp(1529,42): warning C4305: 'argument': truncation from 'double' to 'float'
C:\Users\Y9GBW4826\source\repos\Project49\Project49\Source.cpp(1530,46): warning C4305: 'argument': truncation from 'double' to 'float'
C:\Users\Y9GBW4826\source\repos\Project49\Project49\Source.cpp(1531,47): warning C4305: 'argument': truncation from 'double' to 'float'
  Project49.vcxproj -> C:\Users\Y9GBW4826\source\repos\Project49\x64\Debug\Project49.exe
